/home/rbp/seasony/lewis/src/pytrees/py-trees-ros-viewer-websocket/build/py_trees_ros_viewer_websocket/setup.py:5: DeprecationWarning: The distutils package is deprecated and slated for removal in Python 3.12. Use setuptools or check PEP 632 for potential alternatives
  from distutils import log
running develop
/usr/lib/python3/dist-packages/setuptools/command/easy_install.py:158: EasyInstallDeprecationWarning: easy_install command is deprecated. Use build and pip and other standards-based tools.
  warnings.warn(
/usr/lib/python3/dist-packages/setuptools/command/install.py:34: SetuptoolsDeprecationWarning: setup.py install is deprecated. Use build and pip and other standards-based tools.
  warnings.warn(
/usr/lib/python3/dist-packages/pkg_resources/__init__.py:116: PkgResourcesDeprecationWarning: 1.16.0-unknown is an invalid version and will not be supported in a future release
  warnings.warn(
/usr/lib/python3/dist-packages/pkg_resources/__init__.py:116: PkgResourcesDeprecationWarning: 1.1build1 is an invalid version and will not be supported in a future release
  warnings.warn(
/usr/lib/python3/dist-packages/pkg_resources/__init__.py:116: PkgResourcesDeprecationWarning: 0.1.43ubuntu1 is an invalid version and will not be supported in a future release
  warnings.warn(
running egg_info
creating py_trees_ros_viewer_websocket.egg-info
writing py_trees_ros_viewer_websocket.egg-info/PKG-INFO
writing dependency_links to py_trees_ros_viewer_websocket.egg-info/dependency_links.txt
writing entry points to py_trees_ros_viewer_websocket.egg-info/entry_points.txt
writing top-level names to py_trees_ros_viewer_websocket.egg-info/top_level.txt
writing manifest file 'py_trees_ros_viewer_websocket.egg-info/SOURCES.txt'
reading manifest file 'py_trees_ros_viewer_websocket.egg-info/SOURCES.txt'
writing manifest file 'py_trees_ros_viewer_websocket.egg-info/SOURCES.txt'
running build_ext
Creating /home/rbp/seasony/lewis/src/pytrees/py-trees-ros-viewer-websocket/install/py_trees_ros_viewer_websocket/lib/python3.10/site-packages/py-trees-ros-viewer-websocket.egg-link (link to .)
Installing py-trees-ros-viewer-websocket script to /home/rbp/seasony/lewis/src/pytrees/py-trees-ros-viewer-websocket/install/py_trees_ros_viewer_websocket/bin

Installed /home/rbp/seasony/lewis/src/pytrees/py-trees-ros-viewer-websocket/build/py_trees_ros_viewer_websocket
running install_data
copying package.xml -> /home/rbp/seasony/lewis/src/pytrees/py-trees-ros-viewer-websocket/install/py_trees_ros_viewer_websocket/share/py_trees_ros_viewer_websocket
