[1.679s] Invoking command in '/home/rbp/seasony/lewis/src/pytrees/py-trees-ros-viewer-websocket/build/py_trees_ros_viewer_websocket': PYTHONPATH=/home/rbp/seasony/lewis/src/pytrees/py-trees-ros-viewer-websocket/build/py_trees_ros_viewer_websocket/prefix_override:/home/rbp/seasony/lewis/src/pytrees/py-trees-ros-viewer-websocket/install/py_trees_ros_viewer_websocket/lib/python3.10/site-packages:${PYTHONPATH} /usr/bin/python3 setup.py develop --editable --build-directory /home/rbp/seasony/lewis/src/pytrees/py-trees-ros-viewer-websocket/build/py_trees_ros_viewer_websocket/build --no-deps install_data
[1.758s] /home/rbp/seasony/lewis/src/pytrees/py-trees-ros-viewer-websocket/build/py_trees_ros_viewer_websocket/setup.py:5: DeprecationWarning: The distutils package is deprecated and slated for removal in Python 3.12. Use setuptools or check PEP 632 for potential alternatives
[1.761s]   from distutils import log
[2.383s] running develop
[2.384s] /usr/lib/python3/dist-packages/setuptools/command/easy_install.py:158: EasyInstallDeprecationWarning: easy_install command is deprecated. Use build and pip and other standards-based tools.
[2.384s]   warnings.warn(
[2.385s] /usr/lib/python3/dist-packages/setuptools/command/install.py:34: SetuptoolsDeprecationWarning: setup.py install is deprecated. Use build and pip and other standards-based tools.
[2.387s]   warnings.warn(
[2.568s] /usr/lib/python3/dist-packages/pkg_resources/__init__.py:116: PkgResourcesDeprecationWarning: 1.16.0-unknown is an invalid version and will not be supported in a future release
[2.568s]   warnings.warn(
[2.569s] /usr/lib/python3/dist-packages/pkg_resources/__init__.py:116: PkgResourcesDeprecationWarning: 1.1build1 is an invalid version and will not be supported in a future release
[2.569s]   warnings.warn(
[2.573s] /usr/lib/python3/dist-packages/pkg_resources/__init__.py:116: PkgResourcesDeprecationWarning: 0.1.43ubuntu1 is an invalid version and will not be supported in a future release
[2.573s]   warnings.warn(
[2.848s] running egg_info
[2.849s] writing py_trees_ros_viewer_websocket.egg-info/PKG-INFO
[2.851s] writing dependency_links to py_trees_ros_viewer_websocket.egg-info/dependency_links.txt
[2.851s] writing entry points to py_trees_ros_viewer_websocket.egg-info/entry_points.txt
[2.851s] writing top-level names to py_trees_ros_viewer_websocket.egg-info/top_level.txt
[2.866s] reading manifest file 'py_trees_ros_viewer_websocket.egg-info/SOURCES.txt'
[2.867s] writing manifest file 'py_trees_ros_viewer_websocket.egg-info/SOURCES.txt'
[2.871s] running build_ext
[2.873s] Creating /home/rbp/seasony/lewis/src/pytrees/py-trees-ros-viewer-websocket/install/py_trees_ros_viewer_websocket/lib/python3.10/site-packages/py-trees-ros-viewer-websocket.egg-link (link to .)
[2.874s] Installing py-trees-tree-viewer-websocket script to /home/rbp/seasony/lewis/src/pytrees/py-trees-ros-viewer-websocket/install/py_trees_ros_viewer_websocket/bin
[2.874s] 
[2.875s] Installed /home/rbp/seasony/lewis/src/pytrees/py-trees-ros-viewer-websocket/build/py_trees_ros_viewer_websocket
[2.878s] running install_data
[2.958s] Invoked command in '/home/rbp/seasony/lewis/src/pytrees/py-trees-ros-viewer-websocket/build/py_trees_ros_viewer_websocket' returned '0': PYTHONPATH=/home/rbp/seasony/lewis/src/pytrees/py-trees-ros-viewer-websocket/build/py_trees_ros_viewer_websocket/prefix_override:/home/rbp/seasony/lewis/src/pytrees/py-trees-ros-viewer-websocket/install/py_trees_ros_viewer_websocket/lib/python3.10/site-packages:${PYTHONPATH} /usr/bin/python3 setup.py develop --editable --build-directory /home/rbp/seasony/lewis/src/pytrees/py-trees-ros-viewer-websocket/build/py_trees_ros_viewer_websocket/build --no-deps install_data
