[0.734s] DEBUG:colcon:Command line arguments: ['/usr/bin/colcon', 'build', '--symlink-install']
[0.734s] DEBUG:colcon:Parsed command line arguments: Namespace(log_base=None, log_level=None, verb_name='build', build_base='build', install_base='install', merge_install=False, symlink_install=True, test_result_base=None, continue_on_error=False, executor='parallel', parallel_workers=1, event_handlers=None, ignore_user_meta=False, metas=['./colcon.meta'], base_paths=['.'], packages_ignore=None, packages_ignore_regex=None, paths=None, packages_up_to=None, packages_up_to_regex=None, packages_above=None, packages_above_and_dependencies=None, packages_above_depth=None, packages_select_by_dep=None, packages_skip_by_dep=None, packages_skip_up_to=None, packages_select_build_failed=False, packages_skip_build_finished=False, packages_select_test_failures=False, packages_skip_test_passed=False, packages_select=None, packages_skip=None, packages_select_regex=None, packages_skip_regex=None, packages_start=None, packages_end=None, allow_overriding=[], cmake_args=None, cmake_target=None, cmake_target_skip_unavailable=False, cmake_clean_cache=False, cmake_clean_first=False, cmake_force_configure=False, ament_cmake_args=None, catkin_cmake_args=None, catkin_skip_building_tests=False, verb_parser=<colcon_defaults.argument_parser.defaults.DefaultArgumentsDecorator object at 0x7f1b5e1d7970>, verb_extension=<colcon_core.verb.build.BuildVerb object at 0x7f1b5e8fb130>, main=<bound method BuildVerb.main of <colcon_core.verb.build.BuildVerb object at 0x7f1b5e8fb130>>)
[0.783s] Level 1:colcon.colcon_core.package_discovery:discover_packages(colcon_meta) check parameters
[0.788s] Level 1:colcon.colcon_core.package_discovery:discover_packages(recursive) check parameters
[0.788s] Level 1:colcon.colcon_core.package_discovery:discover_packages(ignore) check parameters
[0.788s] Level 1:colcon.colcon_core.package_discovery:discover_packages(path) check parameters
[0.788s] Level 1:colcon.colcon_core.package_discovery:discover_packages(colcon_meta) discover
[0.789s] Level 1:colcon.colcon_core.package_discovery:discover_packages(recursive) discover
[0.789s] INFO:colcon.colcon_core.package_discovery:Crawling recursively for packages in '/home/rbp/seasony/lewis/src/pytrees/py-trees-ros-viewer-websocket'
[0.789s] Level 1:colcon.colcon_core.package_identification:_identify(.) by extensions ['ignore', 'ignore_ament_install']
[0.789s] Level 1:colcon.colcon_core.package_identification:_identify(.) by extension 'ignore'
[0.789s] Level 1:colcon.colcon_core.package_identification:_identify(.) by extension 'ignore_ament_install'
[0.789s] Level 1:colcon.colcon_core.package_identification:_identify(.) by extensions ['colcon_pkg']
[0.789s] Level 1:colcon.colcon_core.package_identification:_identify(.) by extension 'colcon_pkg'
[0.789s] Level 1:colcon.colcon_core.package_identification:_identify(.) by extensions ['colcon_meta']
[0.789s] Level 1:colcon.colcon_core.package_identification:_identify(.) by extension 'colcon_meta'
[0.789s] Level 1:colcon.colcon_core.package_identification:_identify(.) by extensions ['ros']
[0.789s] Level 1:colcon.colcon_core.package_identification:_identify(.) by extension 'ros'
[0.813s] DEBUG:colcon.colcon_core.package_identification:Package '.' with type 'ros.ament_python' and name 'py_trees_ros_viewer_websocket'
[0.815s] Level 1:colcon.colcon_core.package_discovery:discover_packages(recursive) using defaults
[0.816s] Level 1:colcon.colcon_core.package_discovery:discover_packages(ignore) discover
[0.816s] Level 1:colcon.colcon_core.package_discovery:discover_packages(ignore) using defaults
[0.816s] Level 1:colcon.colcon_core.package_discovery:discover_packages(path) discover
[0.817s] Level 1:colcon.colcon_core.package_discovery:discover_packages(path) using defaults
[0.881s] Level 1:colcon.colcon_core.package_discovery:discover_packages(prefix_path) check parameters
[0.881s] Level 1:colcon.colcon_core.package_discovery:discover_packages(prefix_path) discover
[0.895s] DEBUG:colcon.colcon_installed_package_information.package_discovery:Found 89 installed packages in /home/rbp/seasony/lewis/install
[0.903s] DEBUG:colcon.colcon_installed_package_information.package_discovery:Found 307 installed packages in /opt/ros/humble
[0.909s] Level 1:colcon.colcon_core.package_discovery:discover_packages(prefix_path) using defaults
[1.011s] Level 5:colcon.colcon_core.verb:set package 'py_trees_ros_viewer_websocket' build argument 'cmake_args' from command line to 'None'
[1.011s] Level 5:colcon.colcon_core.verb:set package 'py_trees_ros_viewer_websocket' build argument 'cmake_target' from command line to 'None'
[1.011s] Level 5:colcon.colcon_core.verb:set package 'py_trees_ros_viewer_websocket' build argument 'cmake_target_skip_unavailable' from command line to 'False'
[1.011s] Level 5:colcon.colcon_core.verb:set package 'py_trees_ros_viewer_websocket' build argument 'cmake_clean_cache' from command line to 'False'
[1.014s] Level 5:colcon.colcon_core.verb:set package 'py_trees_ros_viewer_websocket' build argument 'cmake_clean_first' from command line to 'False'
[1.014s] Level 5:colcon.colcon_core.verb:set package 'py_trees_ros_viewer_websocket' build argument 'cmake_force_configure' from command line to 'False'
[1.014s] Level 5:colcon.colcon_core.verb:set package 'py_trees_ros_viewer_websocket' build argument 'ament_cmake_args' from command line to 'None'
[1.014s] Level 5:colcon.colcon_core.verb:set package 'py_trees_ros_viewer_websocket' build argument 'catkin_cmake_args' from command line to 'None'
[1.014s] Level 5:colcon.colcon_core.verb:set package 'py_trees_ros_viewer_websocket' build argument 'catkin_skip_building_tests' from command line to 'False'
[1.016s] DEBUG:colcon.colcon_core.verb:Building package 'py_trees_ros_viewer_websocket' with the following arguments: {'ament_cmake_args': None, 'build_base': '/home/rbp/seasony/lewis/src/pytrees/py-trees-ros-viewer-websocket/build/py_trees_ros_viewer_websocket', 'catkin_cmake_args': None, 'catkin_skip_building_tests': False, 'cmake_args': None, 'cmake_clean_cache': False, 'cmake_clean_first': False, 'cmake_force_configure': False, 'cmake_target': None, 'cmake_target_skip_unavailable': False, 'install_base': '/home/rbp/seasony/lewis/src/pytrees/py-trees-ros-viewer-websocket/install/py_trees_ros_viewer_websocket', 'merge_install': False, 'path': '/home/rbp/seasony/lewis/src/pytrees/py-trees-ros-viewer-websocket', 'symlink_install': True, 'test_result_base': None}
[1.017s] INFO:colcon.colcon_core.executor:Executing jobs using 'parallel' executor
[1.032s] DEBUG:colcon.colcon_parallel_executor.executor.parallel:run_until_complete
[1.033s] INFO:colcon.colcon_ros.task.ament_python.build:Building ROS package in '/home/rbp/seasony/lewis/src/pytrees/py-trees-ros-viewer-websocket' with build type 'ament_python'
[1.033s] Level 1:colcon.colcon_core.shell:create_environment_hook('py_trees_ros_viewer_websocket', 'ament_prefix_path')
[1.042s] INFO:colcon.colcon_core.plugin_system:Skipping extension 'colcon_core.shell.bat': Not used on non-Windows systems
[1.042s] INFO:colcon.colcon_core.shell:Creating environment hook '/home/rbp/seasony/lewis/src/pytrees/py-trees-ros-viewer-websocket/install/py_trees_ros_viewer_websocket/share/py_trees_ros_viewer_websocket/hook/ament_prefix_path.ps1'
[1.043s] INFO:colcon.colcon_core.shell:Creating environment descriptor '/home/rbp/seasony/lewis/src/pytrees/py-trees-ros-viewer-websocket/install/py_trees_ros_viewer_websocket/share/py_trees_ros_viewer_websocket/hook/ament_prefix_path.dsv'
[1.043s] INFO:colcon.colcon_core.shell:Creating environment hook '/home/rbp/seasony/lewis/src/pytrees/py-trees-ros-viewer-websocket/install/py_trees_ros_viewer_websocket/share/py_trees_ros_viewer_websocket/hook/ament_prefix_path.sh'
[1.056s] INFO:colcon.colcon_core.shell:Skip shell extension 'powershell' for command environment: Not usable outside of PowerShell
[1.056s] DEBUG:colcon.colcon_core.shell:Skip shell extension 'dsv' for command environment
[1.864s] WARNING:colcon.colcon_ros.task.ament_python.build:Package 'py_trees_ros_viewer_websocket' doesn't explicitly install a marker in the package index (colcon-ros currently does it implicitly but that fallback will be removed in the future)
[1.864s] INFO:colcon.colcon_core.task.python.build:Building Python package in '/home/rbp/seasony/lewis/src/pytrees/py-trees-ros-viewer-websocket'
[1.873s] INFO:colcon.colcon_core.shell:Skip shell extension 'powershell' for command environment: Not usable outside of PowerShell
[1.873s] DEBUG:colcon.colcon_core.shell:Skip shell extension 'dsv' for command environment
[2.734s] DEBUG:colcon.colcon_core.event_handler.log_command:Invoking command in '/home/rbp/seasony/lewis/src/pytrees/py-trees-ros-viewer-websocket/build/py_trees_ros_viewer_websocket': PYTHONPATH=/home/rbp/seasony/lewis/src/pytrees/py-trees-ros-viewer-websocket/build/py_trees_ros_viewer_websocket/prefix_override:/home/rbp/seasony/lewis/src/pytrees/py-trees-ros-viewer-websocket/install/py_trees_ros_viewer_websocket/lib/python3.10/site-packages:${PYTHONPATH} /usr/bin/python3 setup.py develop --editable --build-directory /home/rbp/seasony/lewis/src/pytrees/py-trees-ros-viewer-websocket/build/py_trees_ros_viewer_websocket/build --no-deps install_data
[4.006s] Level 1:colcon.colcon_core.shell:create_environment_hook('py_trees_ros_viewer_websocket', 'pythonpath_develop')
[4.013s] DEBUG:colcon.colcon_core.event_handler.log_command:Invoked command in '/home/rbp/seasony/lewis/src/pytrees/py-trees-ros-viewer-websocket/build/py_trees_ros_viewer_websocket' returned '0': PYTHONPATH=/home/rbp/seasony/lewis/src/pytrees/py-trees-ros-viewer-websocket/build/py_trees_ros_viewer_websocket/prefix_override:/home/rbp/seasony/lewis/src/pytrees/py-trees-ros-viewer-websocket/install/py_trees_ros_viewer_websocket/lib/python3.10/site-packages:${PYTHONPATH} /usr/bin/python3 setup.py develop --editable --build-directory /home/rbp/seasony/lewis/src/pytrees/py-trees-ros-viewer-websocket/build/py_trees_ros_viewer_websocket/build --no-deps install_data
[4.014s] INFO:colcon.colcon_core.shell:Creating environment hook '/home/rbp/seasony/lewis/src/pytrees/py-trees-ros-viewer-websocket/build/py_trees_ros_viewer_websocket/share/py_trees_ros_viewer_websocket/hook/pythonpath_develop.ps1'
[4.014s] INFO:colcon.colcon_core.shell:Creating environment descriptor '/home/rbp/seasony/lewis/src/pytrees/py-trees-ros-viewer-websocket/build/py_trees_ros_viewer_websocket/share/py_trees_ros_viewer_websocket/hook/pythonpath_develop.dsv'
[4.015s] INFO:colcon.colcon_core.shell:Creating environment hook '/home/rbp/seasony/lewis/src/pytrees/py-trees-ros-viewer-websocket/build/py_trees_ros_viewer_websocket/share/py_trees_ros_viewer_websocket/hook/pythonpath_develop.sh'
[4.037s] Level 1:colcon.colcon_core.environment:checking '/home/rbp/seasony/lewis/src/pytrees/py-trees-ros-viewer-websocket/install/py_trees_ros_viewer_websocket' for CMake module files
[4.037s] Level 1:colcon.colcon_core.environment:checking '/home/rbp/seasony/lewis/src/pytrees/py-trees-ros-viewer-websocket/install/py_trees_ros_viewer_websocket' for CMake config files
[4.037s] Level 1:colcon.colcon_core.environment:checking '/home/rbp/seasony/lewis/src/pytrees/py-trees-ros-viewer-websocket/install/py_trees_ros_viewer_websocket/lib'
[4.037s] Level 1:colcon.colcon_core.environment:checking '/home/rbp/seasony/lewis/src/pytrees/py-trees-ros-viewer-websocket/install/py_trees_ros_viewer_websocket/bin'
[4.037s] Level 1:colcon.colcon_core.shell:create_environment_hook('py_trees_ros_viewer_websocket', 'path')
[4.043s] INFO:colcon.colcon_core.shell:Creating environment hook '/home/rbp/seasony/lewis/src/pytrees/py-trees-ros-viewer-websocket/install/py_trees_ros_viewer_websocket/share/py_trees_ros_viewer_websocket/hook/path.ps1'
[4.044s] INFO:colcon.colcon_core.shell:Creating environment descriptor '/home/rbp/seasony/lewis/src/pytrees/py-trees-ros-viewer-websocket/install/py_trees_ros_viewer_websocket/share/py_trees_ros_viewer_websocket/hook/path.dsv'
[4.044s] INFO:colcon.colcon_core.shell:Creating environment hook '/home/rbp/seasony/lewis/src/pytrees/py-trees-ros-viewer-websocket/install/py_trees_ros_viewer_websocket/share/py_trees_ros_viewer_websocket/hook/path.sh'
[4.044s] Level 1:colcon.colcon_core.environment:checking '/home/rbp/seasony/lewis/src/pytrees/py-trees-ros-viewer-websocket/install/py_trees_ros_viewer_websocket/lib/pkgconfig/py_trees_ros_viewer_websocket.pc'
[4.044s] Level 1:colcon.colcon_core.environment:checking '/home/rbp/seasony/lewis/src/pytrees/py-trees-ros-viewer-websocket/install/py_trees_ros_viewer_websocket/lib/python3.10/site-packages'
[4.044s] Level 1:colcon.colcon_core.shell:create_environment_hook('py_trees_ros_viewer_websocket', 'pythonpath')
[4.052s] INFO:colcon.colcon_core.shell:Creating environment hook '/home/rbp/seasony/lewis/src/pytrees/py-trees-ros-viewer-websocket/install/py_trees_ros_viewer_websocket/share/py_trees_ros_viewer_websocket/hook/pythonpath.ps1'
[4.053s] INFO:colcon.colcon_core.shell:Creating environment descriptor '/home/rbp/seasony/lewis/src/pytrees/py-trees-ros-viewer-websocket/install/py_trees_ros_viewer_websocket/share/py_trees_ros_viewer_websocket/hook/pythonpath.dsv'
[4.053s] INFO:colcon.colcon_core.shell:Creating environment hook '/home/rbp/seasony/lewis/src/pytrees/py-trees-ros-viewer-websocket/install/py_trees_ros_viewer_websocket/share/py_trees_ros_viewer_websocket/hook/pythonpath.sh'
[4.056s] Level 1:colcon.colcon_core.environment:checking '/home/rbp/seasony/lewis/src/pytrees/py-trees-ros-viewer-websocket/install/py_trees_ros_viewer_websocket/bin'
[4.056s] Level 1:colcon.colcon_core.shell:create_environment_hook('py_trees_ros_viewer_websocket', 'pythonscriptspath')
[4.062s] INFO:colcon.colcon_core.shell:Creating environment hook '/home/rbp/seasony/lewis/src/pytrees/py-trees-ros-viewer-websocket/install/py_trees_ros_viewer_websocket/share/py_trees_ros_viewer_websocket/hook/pythonscriptspath.ps1'
[4.062s] INFO:colcon.colcon_core.shell:Creating environment descriptor '/home/rbp/seasony/lewis/src/pytrees/py-trees-ros-viewer-websocket/install/py_trees_ros_viewer_websocket/share/py_trees_ros_viewer_websocket/hook/pythonscriptspath.dsv'
[4.062s] INFO:colcon.colcon_core.shell:Creating environment hook '/home/rbp/seasony/lewis/src/pytrees/py-trees-ros-viewer-websocket/install/py_trees_ros_viewer_websocket/share/py_trees_ros_viewer_websocket/hook/pythonscriptspath.sh'
[4.062s] Level 1:colcon.colcon_core.environment:create_environment_scripts_only(py_trees_ros_viewer_websocket)
[4.072s] INFO:colcon.colcon_core.shell:Creating package script '/home/rbp/seasony/lewis/src/pytrees/py-trees-ros-viewer-websocket/install/py_trees_ros_viewer_websocket/share/py_trees_ros_viewer_websocket/package.ps1'
[4.073s] INFO:colcon.colcon_core.shell:Creating package descriptor '/home/rbp/seasony/lewis/src/pytrees/py-trees-ros-viewer-websocket/install/py_trees_ros_viewer_websocket/share/py_trees_ros_viewer_websocket/package.dsv'
[4.073s] INFO:colcon.colcon_core.shell:Creating package script '/home/rbp/seasony/lewis/src/pytrees/py-trees-ros-viewer-websocket/install/py_trees_ros_viewer_websocket/share/py_trees_ros_viewer_websocket/package.sh'
[4.073s] INFO:colcon.colcon_core.shell:Creating package script '/home/rbp/seasony/lewis/src/pytrees/py-trees-ros-viewer-websocket/install/py_trees_ros_viewer_websocket/share/py_trees_ros_viewer_websocket/package.bash'
[4.074s] INFO:colcon.colcon_core.shell:Creating package script '/home/rbp/seasony/lewis/src/pytrees/py-trees-ros-viewer-websocket/install/py_trees_ros_viewer_websocket/share/py_trees_ros_viewer_websocket/package.zsh'
[4.074s] Level 1:colcon.colcon_core.environment:create_file_with_runtime_dependencies(/home/rbp/seasony/lewis/src/pytrees/py-trees-ros-viewer-websocket/install/py_trees_ros_viewer_websocket/share/colcon-core/packages/py_trees_ros_viewer_websocket)
[4.075s] DEBUG:colcon.colcon_parallel_executor.executor.parallel:closing loop
[4.075s] DEBUG:colcon.colcon_parallel_executor.executor.parallel:loop closed
[4.075s] DEBUG:colcon.colcon_parallel_executor.executor.parallel:run_until_complete finished with '0'
[4.075s] DEBUG:colcon.colcon_core.event_reactor:joining thread
[4.103s] INFO:colcon.colcon_core.plugin_system:Skipping extension 'colcon_notification.desktop_notification.terminal_notifier': Not used on non-Darwin systems
[4.108s] INFO:colcon.colcon_core.plugin_system:Skipping extension 'colcon_notification.desktop_notification.win32': Not used on non-Windows systems
[4.108s] INFO:colcon.colcon_notification.desktop_notification:Sending desktop notification using 'notify2'
[4.131s] DEBUG:colcon.colcon_core.event_reactor:joined thread
[4.134s] INFO:colcon.colcon_core.shell:Creating prefix script '/home/rbp/seasony/lewis/src/pytrees/py-trees-ros-viewer-websocket/install/local_setup.ps1'
[4.134s] INFO:colcon.colcon_core.shell:Creating prefix util module '/home/rbp/seasony/lewis/src/pytrees/py-trees-ros-viewer-websocket/install/_local_setup_util_ps1.py'
[4.135s] INFO:colcon.colcon_core.shell:Creating prefix chain script '/home/rbp/seasony/lewis/src/pytrees/py-trees-ros-viewer-websocket/install/setup.ps1'
[4.152s] INFO:colcon.colcon_core.shell:Creating prefix script '/home/rbp/seasony/lewis/src/pytrees/py-trees-ros-viewer-websocket/install/local_setup.sh'
[4.153s] INFO:colcon.colcon_core.shell:Creating prefix util module '/home/rbp/seasony/lewis/src/pytrees/py-trees-ros-viewer-websocket/install/_local_setup_util_sh.py'
[4.153s] INFO:colcon.colcon_core.shell:Creating prefix chain script '/home/rbp/seasony/lewis/src/pytrees/py-trees-ros-viewer-websocket/install/setup.sh'
[4.168s] INFO:colcon.colcon_core.shell:Creating prefix script '/home/rbp/seasony/lewis/src/pytrees/py-trees-ros-viewer-websocket/install/local_setup.bash'
[4.169s] INFO:colcon.colcon_core.shell:Creating prefix chain script '/home/rbp/seasony/lewis/src/pytrees/py-trees-ros-viewer-websocket/install/setup.bash'
[4.176s] INFO:colcon.colcon_core.shell:Creating prefix script '/home/rbp/seasony/lewis/src/pytrees/py-trees-ros-viewer-websocket/install/local_setup.zsh'
[4.177s] INFO:colcon.colcon_core.shell:Creating prefix chain script '/home/rbp/seasony/lewis/src/pytrees/py-trees-ros-viewer-websocket/install/setup.zsh'
